0:0:0:0:0:0:0:1 - - [30/Nov/2016:13:59:52 +0530] "GET / HTTP/1.1" 200 3503
0:0:0:0:0:0:0:1 - - [30/Nov/2016:13:59:53 +0530] "GET /biglogo.png HTTP/1.1" 200 7336
0:0:0:0:0:0:0:1 - - [30/Nov/2016:13:59:53 +0530] "GET /vod/index.html HTTP/1.1" 200 4286
0:0:0:0:0:0:0:1 - - [30/Nov/2016:13:59:53 +0530] "GET /vod/swfobject.js HTTP/1.1" 200 25574
0:0:0:0:0:0:0:1 - - [30/Nov/2016:13:59:53 +0530] "GET /vod/miniplayer.swf HTTP/1.1" 200 81544
0:0:0:0:0:0:0:1 - - [30/Nov/2016:13:59:53 +0530] "GET /favicon.png HTTP/1.1" 200 733
0:0:0:0:0:0:0:1 - - [30/Nov/2016:13:59:53 +0530] "GET /favicon.ico HTTP/1.1" 200 894
0:0:0:0:0:0:0:1 - - [30/Nov/2016:13:59:53 +0530] "GET /vod/textLayout_2.0.0.232.swf HTTP/1.1" 200 312694
0:0:0:0:0:0:0:1 - - [30/Nov/2016:13:59:53 +0530] "GET /vod/osmf_1.0.0.16316.swf HTTP/1.1" 200 220336
0:0:0:0:0:0:0:1 - - [30/Nov/2016:13:59:53 +0530] "GET /vod/framework_4.5.1.21328.swf HTTP/1.1" 200 540005
0:0:0:0:0:0:0:1 - - [30/Nov/2016:13:59:53 +0530] "GET /vod/spark_4.5.1.21328.swf HTTP/1.1" 200 749644
0:0:0:0:0:0:0:1 - - [30/Nov/2016:13:59:57 +0530] "GET /installer HTTP/1.1" 302 -
0:0:0:0:0:0:0:1 - - [30/Nov/2016:13:59:57 +0530] "GET /installer/ HTTP/1.1" 200 4277
0:0:0:0:0:0:0:1 - - [30/Nov/2016:13:59:57 +0530] "GET /installer/history/history.css HTTP/1.1" 200 371
0:0:0:0:0:0:0:1 - - [30/Nov/2016:13:59:57 +0530] "GET /installer/AC_OETags.js HTTP/1.1" 200 8164
0:0:0:0:0:0:0:1 - - [30/Nov/2016:13:59:57 +0530] "GET /installer/history/history.js HTTP/1.1" 200 24548
0:0:0:0:0:0:0:1 - - [30/Nov/2016:13:59:58 +0530] "GET /installer/installer.swf HTTP/1.1" 200 537289
0:0:0:0:0:0:0:1 - - [30/Nov/2016:14:00:07 +0530] "GET /demos HTTP/1.1" 302 -
0:0:0:0:0:0:0:1 - - [30/Nov/2016:14:00:07 +0530] "GET /demos/ HTTP/1.1" 200 4850
0:0:0:0:0:0:0:1 - - [30/Nov/2016:14:00:07 +0530] "GET /demos/favicon.png HTTP/1.1" 404 1026
0:0:0:0:0:0:0:1 - - [30/Nov/2016:14:00:07 +0530] "GET /demos/favicon.ico HTTP/1.1" 404 1026
